{
  "RSpec": {
    "coverage": {
      "/Users/Yvonne/Desktop/NTHU/Master2_1/SOA/Mew_Traveler/Time_Traveler-API/init.rb": [
        null,
        1,
        3,
        null
      ],
      "/Users/Yvonne/Desktop/NTHU/Master2_1/SOA/Mew_Traveler/Time_Traveler-API/config/init.rb": [
        null,
        1
      ],
      "/Users/Yvonne/Desktop/NTHU/Master2_1/SOA/Mew_Traveler/Time_Traveler-API/config/environment.rb": [
        null,
        1,
        1,
        null,
        1,
        1,
        null,
        null,
        1,
        0,
        null,
        null,
        1,
        1,
        1,
        null,
        null,
        1,
        1,
        null
      ],
      "/Users/Yvonne/Desktop/NTHU/Master2_1/SOA/Mew_Traveler/Time_Traveler-API/models/init.rb": [
        null,
        1,
        1,
        null,
        1,
        9,
        null
      ],
      "/Users/Yvonne/Desktop/NTHU/Master2_1/SOA/Mew_Traveler/Time_Traveler-API/models/flight.rb": [
        null,
        null,
        null,
        1,
        null
      ],
      "/Users/Yvonne/Desktop/NTHU/Master2_1/SOA/Mew_Traveler/Time_Traveler-API/models/group.rb": [
        null,
        null,
        null,
        1,
        null
      ],
      "/Users/Yvonne/Desktop/NTHU/Master2_1/SOA/Mew_Traveler/Time_Traveler-API/models/house.rb": [
        null,
        null,
        null,
        1,
        null
      ],
      "/Users/Yvonne/Desktop/NTHU/Master2_1/SOA/Mew_Traveler/Time_Traveler-API/models/owner.rb": [
        null,
        null,
        null,
        1,
        null
      ],
      "/Users/Yvonne/Desktop/NTHU/Master2_1/SOA/Mew_Traveler/Time_Traveler-API/models/project.rb": [
        null,
        null,
        null,
        1,
        null
      ],
      "/Users/Yvonne/Desktop/NTHU/Master2_1/SOA/Mew_Traveler/Time_Traveler-API/models/rent.rb": [
        null,
        null,
        null,
        1,
        null
      ],
      "/Users/Yvonne/Desktop/NTHU/Master2_1/SOA/Mew_Traveler/Time_Traveler-API/models/site.rb": [
        null,
        null,
        null,
        1,
        null
      ],
      "/Users/Yvonne/Desktop/NTHU/Master2_1/SOA/Mew_Traveler/Time_Traveler-API/models/target.rb": [
        null,
        null,
        null,
        1,
        null
      ],
      "/Users/Yvonne/Desktop/NTHU/Master2_1/SOA/Mew_Traveler/Time_Traveler-API/controllers/init.rb": [
        null,
        1,
        1,
        1,
        null,
        1,
        null,
        1,
        3,
        null
      ],
      "/Users/Yvonne/Desktop/NTHU/Master2_1/SOA/Mew_Traveler/Time_Traveler-API/controllers/base.rb": [
        1,
        1,
        null,
        null,
        1,
        1,
        null,
        1,
        null,
        1,
        1,
        1,
        1,
        1,
        1,
        null,
        null,
        1,
        0,
        null,
        null
      ],
      "/Users/Yvonne/Desktop/NTHU/Master2_1/SOA/Mew_Traveler/Time_Traveler-API/controllers/itinerary.rb": [
        null,
        null,
        null,
        1,
        null,
        1,
        0,
        0,
        0,
        0,
        null,
        0,
        null,
        0,
        0,
        0,
        0,
        0,
        null,
        null,
        null,
        0,
        0,
        null,
        0,
        0,
        null,
        null,
        null
      ]
    },
    "timestamp": 1479044970
  }
}
